<?xml version="1.0" encoding="utf-8"?><testsuites name="pytest tests"><testsuite name="pytest" errors="0" failures="0" skipped="0" tests="12" time="9.656" timestamp="2026-02-06T15:50:51.138112+00:00" hostname="agent-env-15525358-ebb7-4e32-81c6-90d210af06d0"><testcase classname="backend.tests.test_new_features.TestOpenLoanBlocking" name="test_get_loans_shows_status" time="1.735" /><testcase classname="backend.tests.test_new_features.TestOpenLoanBlocking" name="test_create_loan_with_open_loan_returns_400" time="1.109" /><testcase classname="backend.tests.test_new_features.TestLoanResponseWithPhone" name="test_loans_include_customer_cell_phone" time="0.481" /><testcase classname="backend.tests.test_new_features.TestUnmarkPaidEndpoint" name="test_unmark_paid_endpoint_exists" time="0.784" /><testcase classname="backend.tests.test_new_features.TestUnmarkPaidEndpoint" name="test_unmark_paid_on_multi_payment_plan" time="0.732" /><testcase classname="backend.tests.test_new_features.TestAdminPaymentEndpoints" name="test_admin_edit_payment_exists" time="0.471" /><testcase classname="backend.tests.test_new_features.TestAdminPaymentEndpoints" name="test_admin_delete_payment_exists" time="0.367" /><testcase classname="backend.tests.test_new_features.TestAdminPaymentEndpoints" name="test_admin_edit_payment_real" time="1.282" /><testcase classname="backend.tests.test_new_features.TestAdminLoanEndpoint" name="test_admin_edit_loan_exists" time="0.344" /><testcase classname="backend.tests.test_new_features.TestAdminLoanEndpoint" name="test_admin_edit_loan_real" time="1.144" /><testcase classname="backend.tests.test_new_features.TestAdminCustomerEndpoint" name="test_admin_edit_customer_exists" time="0.347" /><testcase classname="backend.tests.test_new_features.TestAdminCustomerEndpoint" name="test_admin_edit_customer_real" time="0.806" /></testsuite></testsuites>