<?xml version="1.0" encoding="utf-8"?><testsuites name="pytest tests"><testsuite name="pytest" errors="0" failures="0" skipped="0" tests="12" time="22.883" timestamp="2026-01-31T15:43:32.979251+00:00" hostname="agent-env-40d24671-28d1-481e-b08a-c83932b28a08"><testcase classname="backend.tests.test_ad_config.TestADConfiguration" name="test_get_ad_config_returns_default_values" time="1.803" /><testcase classname="backend.tests.test_ad_config.TestADConfiguration" name="test_update_ad_config_success" time="2.192" /><testcase classname="backend.tests.test_ad_config.TestADConfiguration" name="test_test_ad_connection_without_server_url" time="2.191" /><testcase classname="backend.tests.test_ad_config.TestADConfiguration" name="test_test_ad_connection_without_domain" time="1.660" /><testcase classname="backend.tests.test_ad_config.TestADConfiguration" name="test_test_ad_connection_with_invalid_server" time="1.580" /><testcase classname="backend.tests.test_ad_config.TestADConfiguration" name="test_ad_config_requires_admin_role" time="1.882" /><testcase classname="backend.tests.test_ad_config.TestADConfiguration" name="test_enable_ad_config" time="1.920" /><testcase classname="backend.tests.test_ad_config.TestADConfiguration" name="test_disable_ad_config" time="2.183" /><testcase classname="backend.tests.test_ad_config.TestLocalAuthenticationStillWorks" name="test_local_login_with_admin_credentials" time="1.212" /><testcase classname="backend.tests.test_ad_config.TestLocalAuthenticationStillWorks" name="test_dashboard_loads_after_login" time="1.656" /><testcase classname="backend.tests.test_ad_config.TestLoanCreationFlow" name="test_create_customer_and_loan" time="2.598" /><testcase classname="backend.tests.test_ad_config.TestPaymentMarking" name="test_mark_payment_as_paid" time="1.852" /></testsuite></testsuites>