<?xml version="1.0" encoding="utf-8"?><testsuites name="pytest tests"><testsuite name="pytest" errors="0" failures="0" skipped="0" tests="17" time="22.329" timestamp="2026-02-07T06:45:49.996021+00:00" hostname="agent-env-88304595-1aba-4b33-a44d-daa06b093901"><testcase classname="backend.tests.test_iteration6_features.TestLoanTopUp" name="test_top_up_endpoint_exists" time="2.423" /><testcase classname="backend.tests.test_iteration6_features.TestLoanTopUp" name="test_top_up_requires_open_loan" time="1.094" /><testcase classname="backend.tests.test_iteration6_features.TestLoanTopUp" name="test_top_up_amount_must_be_greater" time="1.266" /><testcase classname="backend.tests.test_iteration6_features.TestLoanTopUp" name="test_top_up_max_8000" time="1.087" /><testcase classname="backend.tests.test_iteration6_features.TestLoanTopUp" name="test_top_up_success" time="1.556" /><testcase classname="backend.tests.test_iteration6_features.TestFindExistingCustomer" name="test_find_existing_endpoint_exists" time="0.390" /><testcase classname="backend.tests.test_iteration6_features.TestFindExistingCustomer" name="test_find_existing_returns_customer_id" time="0.900" /><testcase classname="backend.tests.test_iteration6_features.TestFindExistingCustomer" name="test_find_existing_returns_null_for_unknown" time="0.807" /><testcase classname="backend.tests.test_iteration6_features.TestAdminEditCustomer" name="test_edit_customer_name" time="3.071" /><testcase classname="backend.tests.test_iteration6_features.TestAdminEditCustomer" name="test_edit_customer_phone" time="1.315" /><testcase classname="backend.tests.test_iteration6_features.TestAdminEditCustomer" name="test_edit_customer_mandate" time="1.732" /><testcase classname="backend.tests.test_iteration6_features.TestExportDateFiltering" name="test_export_with_date_range" time="1.061" /><testcase classname="backend.tests.test_iteration6_features.TestExportDateFiltering" name="test_export_today_only" time="0.748" /><testcase classname="backend.tests.test_iteration6_features.TestExportDateFiltering" name="test_export_all_comprehensive_data" time="0.642" /><testcase classname="backend.tests.test_iteration6_features.TestExportDateFiltering" name="test_export_month_range" time="0.914" /><testcase classname="backend.tests.test_iteration6_features.TestNewLoanForPaidCustomer" name="test_can_create_loan_for_customer_with_paid_loan" time="1.971" /><testcase classname="backend.tests.test_iteration6_features.TestTopUpCalculation" name="test_top_up_recalculates_total" time="1.024" /></testsuite></testsuites>