<?xml version="1.0" encoding="utf-8"?><testsuites name="pytest tests"><testsuite name="pytest" errors="0" failures="0" skipped="0" tests="20" time="24.462" timestamp="2026-02-05T19:43:21.269815+00:00" hostname="agent-env-15525358-ebb7-4e32-81c6-90d210af06d0"><testcase classname="backend.tests.test_staff_portal.TestMasterPassword" name="test_master_password_status" time="0.509" /><testcase classname="backend.tests.test_staff_portal.TestMasterPassword" name="test_master_password_verify_success" time="0.695" /><testcase classname="backend.tests.test_staff_portal.TestMasterPassword" name="test_master_password_verify_invalid" time="0.697" /><testcase classname="backend.tests.test_staff_portal.TestAuth" name="test_login_success" time="0.696" /><testcase classname="backend.tests.test_staff_portal.TestAuth" name="test_login_invalid_credentials" time="0.485" /><testcase classname="backend.tests.test_staff_portal.TestAuth" name="test_get_me" time="1.059" /><testcase classname="backend.tests.test_staff_portal.TestDashboard" name="test_dashboard_stats" time="1.415" /><testcase classname="backend.tests.test_staff_portal.TestCustomers" name="test_list_customers" time="1.394" /><testcase classname="backend.tests.test_staff_portal.TestCustomers" name="test_get_customer" time="1.895" /><testcase classname="backend.tests.test_staff_portal.TestLoans" name="test_list_loans" time="1.520" /><testcase classname="backend.tests.test_staff_portal.TestLoans" name="test_list_loans_by_status" time="1.471" /><testcase classname="backend.tests.test_staff_portal.TestLoans" name="test_get_loan" time="1.782" /><testcase classname="backend.tests.test_staff_portal.TestUsers" name="test_list_users" time="1.508" /><testcase classname="backend.tests.test_staff_portal.TestAuditLogs" name="test_list_audit_logs" time="1.092" /><testcase classname="backend.tests.test_staff_portal.TestAuditLogs" name="test_verify_audit_integrity" time="1.717" /><testcase classname="backend.tests.test_staff_portal.TestSettings" name="test_get_settings" time="1.174" /><testcase classname="backend.tests.test_staff_portal.TestSettings" name="test_get_ad_config" time="1.515" /><testcase classname="backend.tests.test_staff_portal.TestExport" name="test_export_customers" time="1.103" /><testcase classname="backend.tests.test_staff_portal.TestExport" name="test_export_loans" time="1.531" /><testcase classname="backend.tests.test_staff_portal.TestBackupStatus" name="test_get_backup_status" time="1.066" /></testsuite></testsuites>